<?xml version="1.0" encoding="UTF-8"?>
<!-- Generated by org.testng.reporters.JUnitReportReporter -->
<testsuite hostname="DellLT3410" failures="0" tests="3" name="shubhampractice.AutoProject.tests.SubmitOrderTest" time="20.231" errors="0" timestamp="2025-01-23T00:24:24 IST" skipped="0">
  <testcase classname="shubhampractice.AutoProject.tests.SubmitOrderTest" name="submitOrder" time="9.180"/>
  <testcase classname="shubhampractice.AutoProject.tests.SubmitOrderTest" name="OrderHistoryTest" time="4.406"/>
  <testcase classname="shubhampractice.AutoProject.tests.SubmitOrderTest" name="submitOrder" time="6.645"/>
</testsuite> <!-- shubhampractice.AutoProject.tests.SubmitOrderTest -->
