<?xml version="1.0" encoding="UTF-8"?>
<!-- Generated by org.testng.reporters.JUnitReportReporter -->
<testsuite hostname="DellLT3410" failures="0" tests="3" name="shubhampractice.AutoProject.tests.JsonSubmitOrderTest" time="17.006" errors="0" timestamp="2025-01-22T00:15:56 IST" skipped="0">
  <testcase classname="shubhampractice.AutoProject.tests.JsonSubmitOrderTest" name="submitOrder" time="7.621"/>
  <testcase classname="shubhampractice.AutoProject.tests.JsonSubmitOrderTest" name="OrderHistoryTest" time="3.286"/>
  <testcase classname="shubhampractice.AutoProject.tests.JsonSubmitOrderTest" name="submitOrder" time="6.099"/>
</testsuite> <!-- shubhampractice.AutoProject.tests.JsonSubmitOrderTest -->
