<?xml version="1.0" encoding="UTF-8"?>
<!-- Generated by org.testng.reporters.JUnitReportReporter -->
<testsuite hostname="DellLT3410" failures="0" tests="2" name="shubhampractice.AutoProject.tests.ErrorValidation" time="10.280" errors="0" timestamp="2025-01-20T23:50:14 IST" skipped="0">
  <testcase classname="shubhampractice.AutoProject.tests.ErrorValidation" name="LoginErrorValidation" time="3.984"/>
  <testcase classname="shubhampractice.AutoProject.tests.ErrorValidation" name="ProductErrorValidation" time="6.296"/>
</testsuite> <!-- shubhampractice.AutoProject.tests.ErrorValidation -->
