<?xml version="1.0" encoding="UTF-8"?>
<!-- Generated by org.testng.reporters.JUnitReportReporter -->
<testsuite hostname="DellLT3410" failures="0" tests="3" name="shubhampractice.AutoProject.tests.SubmitOrderTest" time="35.279" errors="0" timestamp="2025-01-23T20:50:36 IST" skipped="0">
  <testcase classname="shubhampractice.AutoProject.tests.SubmitOrderTest" name="OrderHistoryTest" time="7.471"/>
  <testcase classname="shubhampractice.AutoProject.tests.SubmitOrderTest" name="submitOrder" time="15.480"/>
  <testcase classname="shubhampractice.AutoProject.tests.SubmitOrderTest" name="submitOrder" time="12.328"/>
</testsuite> <!-- shubhampractice.AutoProject.tests.SubmitOrderTest -->
