<?xml version="1.0" encoding="UTF-8"?>
<!-- Generated by org.testng.reporters.JUnitReportReporter -->
<testsuite hostname="DellLT3410" failures="0" tests="2" name="shubhampractice.AutoProject.tests.ErrorValidationTest" time="22.386" errors="0" timestamp="2025-01-23T20:50:36 IST" skipped="0">
  <testcase classname="shubhampractice.AutoProject.tests.ErrorValidationTest" name="LoginErrorValidation" time="10.694"/>
  <testcase classname="shubhampractice.AutoProject.tests.ErrorValidationTest" name="ProductErrorValidation" time="11.692"/>
</testsuite> <!-- shubhampractice.AutoProject.tests.ErrorValidationTest -->
