<?xml version="1.0" encoding="UTF-8"?>
<!-- Generated by org.testng.reporters.JUnitReportReporter -->
<testsuite hostname="DellLT3410" failures="0" tests="3" name="shubhampractice.AutoProject.tests.JsonSubmitOrderTest" time="38.057" errors="0" timestamp="2025-01-23T20:50:36 IST" skipped="0">
  <testcase classname="shubhampractice.AutoProject.tests.JsonSubmitOrderTest" name="submitOrder" time="12.731"/>
  <testcase classname="shubhampractice.AutoProject.tests.JsonSubmitOrderTest" name="submitOrder" time="12.828"/>
  <testcase classname="shubhampractice.AutoProject.tests.JsonSubmitOrderTest" name="OrderHistoryTest" time="12.498"/>
</testsuite> <!-- shubhampractice.AutoProject.tests.JsonSubmitOrderTest -->
